0 info it worked if it ends with ok
1 verbose cli [ '/usr/bin/node', '/usr/bin/npm', 'install', '-g', 'node@10.9.0' ]
2 info using npm@3.5.2
3 info using node@v8.10.0
4 silly loadCurrentTree Starting
5 silly install loadCurrentTree
6 silly install readGlobalPackageData
7 silly fetchPackageMetaData node@10.9.0
8 silly fetchNamedPackageData node
9 silly mapToRegistry name node
10 silly mapToRegistry using default registry
11 silly mapToRegistry registry https://registry.npmjs.org/
12 silly mapToRegistry uri https://registry.npmjs.org/node
13 verbose request uri https://registry.npmjs.org/node
14 verbose request no auth needed
15 info attempt registry request try #1 at 12:47:15 AM
16 verbose request id 3579a8ffb871d2f9
17 verbose etag W/"c6d81d08a91afa0eb4cb8116df5e4557"
18 verbose lastModified Tue, 26 Sep 2023 19:39:21 GMT
19 http request GET https://registry.npmjs.org/node
20 http 304 https://registry.npmjs.org/node
21 verbose headers { date: 'Fri, 13 Oct 2023 21:47:23 GMT',
21 verbose headers   connection: 'keep-alive',
21 verbose headers   'cf-ray': '815ac7d75c2c4ed5-JNB',
21 verbose headers   'cf-cache-status': 'REVALIDATED',
21 verbose headers   'cache-control': 'public, max-age=300',
21 verbose headers   etag: '"c6d81d08a91afa0eb4cb8116df5e4557"',
21 verbose headers   'last-modified': 'Tue, 26 Sep 2023 19:39:21 GMT',
21 verbose headers   vary: 'Accept-Encoding',
21 verbose headers   server: 'cloudflare' }
22 silly get cb [ 304,
22 silly get   { date: 'Fri, 13 Oct 2023 21:47:23 GMT',
22 silly get     connection: 'keep-alive',
22 silly get     'cf-ray': '815ac7d75c2c4ed5-JNB',
22 silly get     'cf-cache-status': 'REVALIDATED',
22 silly get     'cache-control': 'public, max-age=300',
22 silly get     etag: '"c6d81d08a91afa0eb4cb8116df5e4557"',
22 silly get     'last-modified': 'Tue, 26 Sep 2023 19:39:21 GMT',
22 silly get     vary: 'Accept-Encoding',
22 silly get     server: 'cloudflare' } ]
23 verbose etag https://registry.npmjs.org/node from cache
24 verbose get saving node to /home/mwakilembe/.npm/registry.npmjs.org/node/.cache.json
25 silly install normalizeTree
26 silly loadCurrentTree Finishing
27 silly loadIdealTree Starting
28 silly install loadIdealTree
29 silly cloneCurrentTree Starting
30 silly install cloneCurrentTreeToIdealTree
31 silly cloneCurrentTree Finishing
32 silly loadShrinkwrap Starting
33 silly install loadShrinkwrap
34 silly loadShrinkwrap Finishing
35 silly loadAllDepsIntoIdealTree Starting
36 silly install loadAllDepsIntoIdealTree
37 silly resolveWithNewModule node@10.9.0 checking installable status
38 silly cache add args [ 'node@10.9.0', null ]
39 verbose cache add spec node@10.9.0
40 silly cache add parsed spec Result {
40 silly cache add   raw: 'node@10.9.0',
40 silly cache add   scope: null,
40 silly cache add   name: 'node',
40 silly cache add   rawSpec: '10.9.0',
40 silly cache add   spec: '10.9.0',
40 silly cache add   type: 'version' }
41 silly addNamed node@10.9.0
42 verbose addNamed "10.9.0" is a plain semver version for node
43 silly mapToRegistry name node
44 silly mapToRegistry using default registry
45 silly mapToRegistry registry https://registry.npmjs.org/
46 silly mapToRegistry uri https://registry.npmjs.org/node
47 verbose addNameVersion registry:https://registry.npmjs.org/node not in flight; fetching
48 verbose get https://registry.npmjs.org/node not expired, no request
49 silly mapToRegistry name node
50 silly mapToRegistry using default registry
51 silly mapToRegistry registry https://registry.npmjs.org/
52 silly mapToRegistry uri https://registry.npmjs.org/node
53 verbose addRemoteTarball https://registry.npmjs.org/node/-/node-10.9.0.tgz not in flight; adding
54 verbose addRemoteTarball [ 'https://registry.npmjs.org/node/-/node-10.9.0.tgz',
54 verbose addRemoteTarball   '879903c25171f1e5e73127b344cc52e671c12244' ]
55 info retry fetch attempt 1 at 12:47:23 AM
56 info attempt registry request try #1 at 12:47:23 AM
57 http fetch GET https://registry.npmjs.org/node/-/node-10.9.0.tgz
58 http fetch 200 https://registry.npmjs.org/node/-/node-10.9.0.tgz
59 silly fetchAndShaCheck shasum 879903c25171f1e5e73127b344cc52e671c12244
60 verbose addTmpTarball /tmp/npm-14574-a6260eec/registry.npmjs.org/node/-/node-10.9.0.tgz not in flight; adding
61 verbose addTmpTarball already have metadata; skipping unpack for node@10.9.0
62 silly cache afterAdd node@10.9.0
63 verbose afterAdd /home/mwakilembe/.npm/node/10.9.0/package/package.json not in flight; writing
64 verbose afterAdd /home/mwakilembe/.npm/node/10.9.0/package/package.json written
65 silly fetchNamedPackageData node-bin-setup
66 silly mapToRegistry name node-bin-setup
67 silly mapToRegistry using default registry
68 silly mapToRegistry registry https://registry.npmjs.org/
69 silly mapToRegistry uri https://registry.npmjs.org/node-bin-setup
70 verbose request uri https://registry.npmjs.org/node-bin-setup
71 verbose request no auth needed
72 info attempt registry request try #1 at 12:47:26 AM
73 verbose etag W/"67f10d7a17cb1d436d86a0b4492f9e5f"
74 verbose lastModified Tue, 04 Oct 2022 03:46:18 GMT
75 http request GET https://registry.npmjs.org/node-bin-setup
76 http 304 https://registry.npmjs.org/node-bin-setup
77 verbose headers { date: 'Fri, 13 Oct 2023 21:47:27 GMT',
77 verbose headers   connection: 'keep-alive',
77 verbose headers   'cf-ray': '815ac7f22d284ed5-JNB',
77 verbose headers   'cf-cache-status': 'REVALIDATED',
77 verbose headers   'cache-control': 'public, max-age=300',
77 verbose headers   etag: '"67f10d7a17cb1d436d86a0b4492f9e5f"',
77 verbose headers   'last-modified': 'Tue, 04 Oct 2022 03:46:18 GMT',
77 verbose headers   vary: 'Accept-Encoding',
77 verbose headers   server: 'cloudflare' }
78 silly get cb [ 304,
78 silly get   { date: 'Fri, 13 Oct 2023 21:47:27 GMT',
78 silly get     connection: 'keep-alive',
78 silly get     'cf-ray': '815ac7f22d284ed5-JNB',
78 silly get     'cf-cache-status': 'REVALIDATED',
78 silly get     'cache-control': 'public, max-age=300',
78 silly get     etag: '"67f10d7a17cb1d436d86a0b4492f9e5f"',
78 silly get     'last-modified': 'Tue, 04 Oct 2022 03:46:18 GMT',
78 silly get     vary: 'Accept-Encoding',
78 silly get     server: 'cloudflare' } ]
79 verbose etag https://registry.npmjs.org/node-bin-setup from cache
80 verbose get saving node-bin-setup to /home/mwakilembe/.npm/registry.npmjs.org/node-bin-setup/.cache.json
81 silly resolveWithNewModule node-bin-setup@1.1.3 checking installable status
82 silly cache add args [ 'node-bin-setup@^1.0.0', null ]
83 verbose cache add spec node-bin-setup@^1.0.0
84 silly cache add parsed spec Result {
84 silly cache add   raw: 'node-bin-setup@^1.0.0',
84 silly cache add   scope: null,
84 silly cache add   name: 'node-bin-setup',
84 silly cache add   rawSpec: '^1.0.0',
84 silly cache add   spec: '>=1.0.0 <2.0.0',
84 silly cache add   type: 'range' }
85 silly addNamed node-bin-setup@>=1.0.0 <2.0.0
86 verbose addNamed ">=1.0.0 <2.0.0" is a valid semver range for node-bin-setup
87 silly addNameRange { name: 'node-bin-setup',
87 silly addNameRange   range: '>=1.0.0 <2.0.0',
87 silly addNameRange   hasData: false }
88 silly mapToRegistry name node-bin-setup
89 silly mapToRegistry using default registry
90 silly mapToRegistry registry https://registry.npmjs.org/
91 silly mapToRegistry uri https://registry.npmjs.org/node-bin-setup
92 verbose addNameRange registry:https://registry.npmjs.org/node-bin-setup not in flight; fetching
93 verbose get https://registry.npmjs.org/node-bin-setup not expired, no request
94 silly addNameRange number 2 { name: 'node-bin-setup',
94 silly addNameRange   range: '>=1.0.0 <2.0.0',
94 silly addNameRange   hasData: true }
95 silly addNameRange versions [ 'node-bin-setup',
95 silly addNameRange   [ '1.0.0',
95 silly addNameRange     '1.0.1',
95 silly addNameRange     '1.0.2',
95 silly addNameRange     '1.0.3',
95 silly addNameRange     '1.0.4',
95 silly addNameRange     '1.0.6',
95 silly addNameRange     '1.1.0',
95 silly addNameRange     '1.1.1',
95 silly addNameRange     '1.1.2',
95 silly addNameRange     '1.1.3' ] ]
96 silly addNamed node-bin-setup@1.1.3
97 verbose addNamed "1.1.3" is a plain semver version for node-bin-setup
98 silly cache afterAdd node-bin-setup@1.1.3
99 verbose afterAdd /home/mwakilembe/.npm/node-bin-setup/1.1.3/package/package.json not in flight; writing
100 verbose afterAdd /home/mwakilembe/.npm/node-bin-setup/1.1.3/package/package.json written
101 silly loadAllDepsIntoIdealTree Finishing
102 silly idealTree:prePrune lib
102 silly idealTree:prePrune └─┬ node@10.9.0
102 silly idealTree:prePrune   └── node-bin-setup@1.1.3
103 silly loadIdealTree Finishing
104 silly currentTree lib
105 silly idealTree lib
105 silly idealTree └─┬ node@10.9.0
105 silly idealTree   └── node-bin-setup@1.1.3
106 silly generateActionsToTake Starting
107 silly install generateActionsToTake
108 warn checkPermissions Missing write access to /usr/local/lib/node_modules
109 silly rollbackFailedOptional Starting
110 silly rollbackFailedOptional Finishing
111 silly runTopLevelLifecycles Starting
112 silly runTopLevelLifecycles Finishing
113 silly install printInstalled
114 verbose stack Error: EACCES: permission denied, access '/usr/local/lib/node_modules'
115 verbose cwd /home/mwakilembe/Document/jibu_photo_udsm/adapt-me
116 error Linux 4.15.0-20-generic
117 error argv "/usr/bin/node" "/usr/bin/npm" "install" "-g" "node@10.9.0"
118 error node v8.10.0
119 error npm  v3.5.2
120 error path /usr/local/lib/node_modules
121 error code EACCES
122 error errno -13
123 error syscall access
124 error Error: EACCES: permission denied, access '/usr/local/lib/node_modules'
124 error  { Error: EACCES: permission denied, access '/usr/local/lib/node_modules'
124 error   errno: -13,
124 error   code: 'EACCES',
124 error   syscall: 'access',
124 error   path: '/usr/local/lib/node_modules' }
125 error Please try running this command again as root/Administrator.
126 verbose exit [ -13, true ]
